2023-11-20 11:53:58.248  INFO 28184 --- [Test worker] c.e.u.i.i.InventarioControllerTest       : Starting InventarioControllerTest using Java 17.0.9 on LePCbre with PID 28184 (started by Deutsch in C:\Users\Deutsch\Downloads\Inventario)
2023-11-20 11:53:58.275  INFO 28184 --- [Test worker] c.e.u.i.i.InventarioControllerTest       : The following 1 profile is active: "test"
2023-11-20 11:54:02.734  INFO 28184 --- [Test worker] .s.d.r.c.RepositoryConfigurationDelegate : Bootstrapping Spring Data JPA repositories in DEFAULT mode.
2023-11-20 11:54:02.940  INFO 28184 --- [Test worker] .s.d.r.c.RepositoryConfigurationDelegate : Finished Spring Data repository scanning in 168 ms. Found 1 JPA repository interfaces.
2023-11-20 11:54:05.694  INFO 28184 --- [Test worker] o.s.b.w.embedded.tomcat.TomcatWebServer  : Tomcat initialized with port(s): 0 (http)
2023-11-20 11:54:05.730  INFO 28184 --- [Test worker] o.apache.catalina.core.StandardService   : Starting service [Tomcat]
2023-11-20 11:54:05.731  INFO 28184 --- [Test worker] org.apache.catalina.core.StandardEngine  : Starting Servlet engine: [Apache Tomcat/9.0.80]
2023-11-20 11:54:06.019  INFO 28184 --- [Test worker] o.a.c.c.C.[Tomcat].[localhost].[/]       : Initializing Spring embedded WebApplicationContext
2023-11-20 11:54:06.020  INFO 28184 --- [Test worker] w.s.c.ServletWebServerApplicationContext : Root WebApplicationContext: initialization completed in 7579 ms
2023-11-20 11:54:07.513  INFO 28184 --- [Test worker] o.hibernate.jpa.internal.util.LogHelper  : HHH000204: Processing PersistenceUnitInfo [name: default]
2023-11-20 11:54:07.810  INFO 28184 --- [Test worker] org.hibernate.Version                    : HHH000412: Hibernate ORM core version 5.6.15.Final
2023-11-20 11:54:08.584  INFO 28184 --- [Test worker] o.hibernate.annotations.common.Version   : HCANN000001: Hibernate Commons Annotations {5.1.2.Final}
2023-11-20 11:54:09.159  INFO 28184 --- [Test worker] com.zaxxer.hikari.HikariDataSource       : HikariPool-1 - Starting...
2023-11-20 11:54:10.380  INFO 28184 --- [Test worker] com.zaxxer.hikari.HikariDataSource       : HikariPool-1 - Start completed.
2023-11-20 11:54:10.479  INFO 28184 --- [Test worker] org.hibernate.dialect.Dialect            : HHH000400: Using dialect: org.hibernate.dialect.H2Dialect
2023-11-20 11:54:13.301  INFO 28184 --- [Test worker] o.h.e.t.j.p.i.JtaPlatformInitiator       : HHH000490: Using JtaPlatform implementation: [org.hibernate.engine.transaction.jta.platform.internal.NoJtaPlatform]
2023-11-20 11:54:13.345  INFO 28184 --- [Test worker] j.LocalContainerEntityManagerFactoryBean : Initialized JPA EntityManagerFactory for persistence unit 'default'
2023-11-20 11:54:14.901  WARN 28184 --- [Test worker] JpaBaseConfiguration$JpaWebConfiguration : spring.jpa.open-in-view is enabled by default. Therefore, database queries may be performed during view rendering. Explicitly configure spring.jpa.open-in-view to disable this warning
2023-11-20 11:54:16.055  INFO 28184 --- [Test worker] o.s.b.a.e.web.EndpointLinksResolver      : Exposing 1 endpoint(s) beneath base path '/actuator'
2023-11-20 11:54:16.931  WARN 28184 --- [Test worker] o.s.s.c.a.web.builders.WebSecurity       : You are asking Spring Security to ignore Ant [pattern='/**']. This is not recommended -- please use permitAll via HttpSecurity#authorizeHttpRequests instead.
2023-11-20 11:54:16.933  INFO 28184 --- [Test worker] o.s.s.web.DefaultSecurityFilterChain     : Will not secure Ant [pattern='/**']
2023-11-20 11:54:17.215  INFO 28184 --- [Test worker] o.s.s.web.DefaultSecurityFilterChain     : Will secure any request with [org.springframework.security.web.session.DisableEncodeUrlFilter@2f804f6e, org.springframework.security.web.context.request.async.WebAsyncManagerIntegrationFilter@3f551177, org.springframework.security.web.context.SecurityContextPersistenceFilter@1e42c42f, org.springframework.security.web.header.HeaderWriterFilter@316471cf, org.springframework.security.web.authentication.logout.LogoutFilter@18c30851, org.springframework.security.web.authentication.www.BasicAuthenticationFilter@ce51f11, org.springframework.security.web.savedrequest.RequestCacheAwareFilter@e14c5e7, org.springframework.security.web.servletapi.SecurityContextHolderAwareRequestFilter@171301f, org.springframework.security.web.authentication.AnonymousAuthenticationFilter@4700ff96, org.springframework.security.web.session.SessionManagementFilter@737c5ebb, org.springframework.security.web.access.ExceptionTranslationFilter@2521555d, org.springframework.security.web.access.intercept.FilterSecurityInterceptor@549b26ea]
2023-11-20 11:54:18.461  INFO 28184 --- [Test worker] o.s.b.w.embedded.tomcat.TomcatWebServer  : Tomcat started on port(s): 53238 (http) with context path ''
2023-11-20 11:54:18.555  INFO 28184 --- [Test worker] c.e.u.i.i.InventarioControllerTest       : Started InventarioControllerTest in 21.67 seconds (JVM running for 27.457)
2023-11-20 11:54:19.864  INFO 28184 --- [http-nio-auto-1-exec-1] o.a.c.c.C.[Tomcat].[localhost].[/]       : Initializing Spring DispatcherServlet 'dispatcherServlet'
2023-11-20 11:54:19.865  INFO 28184 --- [http-nio-auto-1-exec-1] o.s.web.servlet.DispatcherServlet        : Initializing Servlet 'dispatcherServlet'
2023-11-20 11:54:19.868  INFO 28184 --- [http-nio-auto-1-exec-1] o.s.web.servlet.DispatcherServlet        : Completed initialization in 2 ms
2023-11-20 11:54:20.055  INFO 28184 --- [http-nio-auto-1-exec-1] c.e.u.i.c.InventarioController           : Agregando producto en la BD
2023-11-20 11:54:20.514  INFO 28184 --- [http-nio-auto-1-exec-3] c.e.u.i.c.InventarioController           : Producto con ID 7 eliminado
2023-11-20 11:54:20.540  INFO 28184 --- [http-nio-auto-1-exec-3] c.e.u.i.c.InventarioController           : Producto con ID 7 no ha podido ser eliminado
2023-11-20 11:54:20.562  INFO 28184 --- [http-nio-auto-1-exec-4] c.e.u.i.c.InventarioController           : Agregando producto en la BD
2023-11-20 11:54:20.701  INFO 28184 --- [http-nio-auto-1-exec-6] c.e.u.i.c.InventarioController           : Agregando producto en la BD
2023-11-20 11:54:20.746  INFO 28184 --- [http-nio-auto-1-exec-8] c.e.u.i.c.InventarioController           : Producto actualizado
2023-11-20 11:54:20.775  INFO 28184 --- [http-nio-auto-1-exec-8] c.e.u.i.c.InventarioController           : Actualización de producto fallida
2023-11-20 11:54:20.811  INFO 28184 --- [http-nio-auto-1-exec-9] c.e.u.i.c.InventarioController           : Agregando producto en la BD
2023-11-20 11:54:20.820  INFO 28184 --- [http-nio-auto-1-exec-10] c.e.u.i.c.InventarioController           : Producto actualizado
2023-11-20 11:54:20.840  INFO 28184 --- [http-nio-auto-1-exec-1] c.e.u.i.c.InventarioController           : Agregando producto en la BD
2023-11-20 11:54:20.849  INFO 28184 --- [http-nio-auto-1-exec-2] c.e.u.i.c.InventarioController           : Producto con ID 7 eliminado
2023-11-20 11:54:20.890  INFO 28184 --- [http-nio-auto-1-exec-3] c.e.u.i.c.InventarioController           : Agregando producto en la BD
2023-11-20 11:54:21.709  INFO 28184 --- [SpringApplicationShutdownHook] j.LocalContainerEntityManagerFactoryBean : Closing JPA EntityManagerFactory for persistence unit 'default'
2023-11-20 11:54:21.715  INFO 28184 --- [SpringApplicationShutdownHook] com.zaxxer.hikari.HikariDataSource       : HikariPool-1 - Shutdown initiated...
2023-11-20 11:54:21.718  INFO 28184 --- [SpringApplicationShutdownHook] com.zaxxer.hikari.HikariDataSource       : HikariPool-1 - Shutdown completed.
2023-11-20 12:10:19.887  INFO 16424 --- [Test worker] c.e.u.i.i.InventarioControllerTest       : Starting InventarioControllerTest using Java 17.0.9 on LePCbre with PID 16424 (started by Deutsch in C:\Users\Deutsch\Downloads\Inventario)
2023-11-20 12:10:19.892  INFO 16424 --- [Test worker] c.e.u.i.i.InventarioControllerTest       : The following 1 profile is active: "test"
2023-11-20 12:10:25.151  INFO 16424 --- [Test worker] .s.d.r.c.RepositoryConfigurationDelegate : Bootstrapping Spring Data JPA repositories in DEFAULT mode.
2023-11-20 12:10:25.379  INFO 16424 --- [Test worker] .s.d.r.c.RepositoryConfigurationDelegate : Finished Spring Data repository scanning in 175 ms. Found 1 JPA repository interfaces.
2023-11-20 12:10:28.326  INFO 16424 --- [Test worker] o.s.b.w.embedded.tomcat.TomcatWebServer  : Tomcat initialized with port(s): 0 (http)
2023-11-20 12:10:28.367  INFO 16424 --- [Test worker] o.apache.catalina.core.StandardService   : Starting service [Tomcat]
2023-11-20 12:10:28.368  INFO 16424 --- [Test worker] org.apache.catalina.core.StandardEngine  : Starting Servlet engine: [Apache Tomcat/9.0.80]
2023-11-20 12:10:28.745  INFO 16424 --- [Test worker] o.a.c.c.C.[Tomcat].[localhost].[/]       : Initializing Spring embedded WebApplicationContext
2023-11-20 12:10:28.746  INFO 16424 --- [Test worker] w.s.c.ServletWebServerApplicationContext : Root WebApplicationContext: initialization completed in 8712 ms
2023-11-20 12:10:31.044  INFO 16424 --- [Test worker] o.hibernate.jpa.internal.util.LogHelper  : HHH000204: Processing PersistenceUnitInfo [name: default]
2023-11-20 12:10:31.597  INFO 16424 --- [Test worker] org.hibernate.Version                    : HHH000412: Hibernate ORM core version 5.6.15.Final
2023-11-20 12:10:33.485  INFO 16424 --- [Test worker] o.hibernate.annotations.common.Version   : HCANN000001: Hibernate Commons Annotations {5.1.2.Final}
2023-11-20 12:10:34.325  INFO 16424 --- [Test worker] com.zaxxer.hikari.HikariDataSource       : HikariPool-1 - Starting...
2023-11-20 12:10:36.398  INFO 16424 --- [Test worker] com.zaxxer.hikari.HikariDataSource       : HikariPool-1 - Start completed.
2023-11-20 12:10:36.572  INFO 16424 --- [Test worker] org.hibernate.dialect.Dialect            : HHH000400: Using dialect: org.hibernate.dialect.H2Dialect
2023-11-20 12:10:40.114  INFO 16424 --- [Test worker] o.h.e.t.j.p.i.JtaPlatformInitiator       : HHH000490: Using JtaPlatform implementation: [org.hibernate.engine.transaction.jta.platform.internal.NoJtaPlatform]
2023-11-20 12:10:40.172  INFO 16424 --- [Test worker] j.LocalContainerEntityManagerFactoryBean : Initialized JPA EntityManagerFactory for persistence unit 'default'
2023-11-20 12:10:42.647  WARN 16424 --- [Test worker] JpaBaseConfiguration$JpaWebConfiguration : spring.jpa.open-in-view is enabled by default. Therefore, database queries may be performed during view rendering. Explicitly configure spring.jpa.open-in-view to disable this warning
2023-11-20 12:10:44.495  INFO 16424 --- [Test worker] o.s.b.a.e.web.EndpointLinksResolver      : Exposing 1 endpoint(s) beneath base path '/actuator'
2023-11-20 12:10:46.181  WARN 16424 --- [Test worker] o.s.s.c.a.web.builders.WebSecurity       : You are asking Spring Security to ignore Ant [pattern='/**']. This is not recommended -- please use permitAll via HttpSecurity#authorizeHttpRequests instead.
2023-11-20 12:10:46.184  INFO 16424 --- [Test worker] o.s.s.web.DefaultSecurityFilterChain     : Will not secure Ant [pattern='/**']
2023-11-20 12:10:46.682  INFO 16424 --- [Test worker] o.s.s.web.DefaultSecurityFilterChain     : Will secure any request with [org.springframework.security.web.session.DisableEncodeUrlFilter@60bb599b, org.springframework.security.web.context.request.async.WebAsyncManagerIntegrationFilter@32bc2485, org.springframework.security.web.context.SecurityContextPersistenceFilter@3f7a33d5, org.springframework.security.web.header.HeaderWriterFilter@a87e14b, org.springframework.security.web.authentication.logout.LogoutFilter@26c08966, org.springframework.security.web.authentication.www.BasicAuthenticationFilter@7f1fedad, org.springframework.security.web.savedrequest.RequestCacheAwareFilter@327ac426, org.springframework.security.web.servletapi.SecurityContextHolderAwareRequestFilter@3c976d5d, org.springframework.security.web.authentication.AnonymousAuthenticationFilter@7717f16c, org.springframework.security.web.session.SessionManagementFilter@364a83d, org.springframework.security.web.access.ExceptionTranslationFilter@7c1cefaf, org.springframework.security.web.access.intercept.FilterSecurityInterceptor@707d23fa]
2023-11-20 12:10:48.774  INFO 16424 --- [Test worker] o.s.b.w.embedded.tomcat.TomcatWebServer  : Tomcat started on port(s): 53595 (http) with context path ''
2023-11-20 12:10:48.932  INFO 16424 --- [Test worker] c.e.u.i.i.InventarioControllerTest       : Started InventarioControllerTest in 31.114 seconds (JVM running for 38.548)
2023-11-20 12:10:50.941  INFO 16424 --- [http-nio-auto-1-exec-1] o.a.c.c.C.[Tomcat].[localhost].[/]       : Initializing Spring DispatcherServlet 'dispatcherServlet'
2023-11-20 12:10:50.943  INFO 16424 --- [http-nio-auto-1-exec-1] o.s.web.servlet.DispatcherServlet        : Initializing Servlet 'dispatcherServlet'
2023-11-20 12:10:50.946  INFO 16424 --- [http-nio-auto-1-exec-1] o.s.web.servlet.DispatcherServlet        : Completed initialization in 2 ms
2023-11-20 12:10:51.211  INFO 16424 --- [http-nio-auto-1-exec-1] c.e.u.i.c.InventarioController           : Agregando producto en la BD
2023-11-20 12:10:51.884  INFO 16424 --- [http-nio-auto-1-exec-3] c.e.u.i.c.InventarioController           : Producto con ID 7 eliminado
2023-11-20 12:10:51.919  INFO 16424 --- [http-nio-auto-1-exec-3] c.e.u.i.c.InventarioController           : Producto con ID 7 no ha podido ser eliminado
2023-11-20 12:10:51.944  INFO 16424 --- [http-nio-auto-1-exec-4] c.e.u.i.c.InventarioController           : Agregando producto en la BD
2023-11-20 12:10:52.177  INFO 16424 --- [http-nio-auto-1-exec-6] c.e.u.i.c.InventarioController           : Agregando producto en la BD
2023-11-20 12:10:52.243  INFO 16424 --- [http-nio-auto-1-exec-8] c.e.u.i.c.InventarioController           : Producto actualizado
2023-11-20 12:10:52.279  INFO 16424 --- [http-nio-auto-1-exec-8] c.e.u.i.c.InventarioController           : Actualización de producto fallida
2023-11-20 12:10:52.317  INFO 16424 --- [http-nio-auto-1-exec-9] c.e.u.i.c.InventarioController           : Agregando producto en la BD
2023-11-20 12:10:52.332  INFO 16424 --- [http-nio-auto-1-exec-10] c.e.u.i.c.InventarioController           : Producto actualizado
2023-11-20 12:10:52.364  INFO 16424 --- [http-nio-auto-1-exec-1] c.e.u.i.c.InventarioController           : Agregando producto en la BD
2023-11-20 12:10:52.380  INFO 16424 --- [http-nio-auto-1-exec-2] c.e.u.i.c.InventarioController           : Producto con ID 7 eliminado
2023-11-20 12:10:52.457  INFO 16424 --- [http-nio-auto-1-exec-3] c.e.u.i.c.InventarioController           : Agregando producto en la BD
2023-11-20 12:10:53.543  INFO 16424 --- [SpringApplicationShutdownHook] j.LocalContainerEntityManagerFactoryBean : Closing JPA EntityManagerFactory for persistence unit 'default'
2023-11-20 12:10:53.548  INFO 16424 --- [SpringApplicationShutdownHook] com.zaxxer.hikari.HikariDataSource       : HikariPool-1 - Shutdown initiated...
2023-11-20 12:10:53.551  INFO 16424 --- [SpringApplicationShutdownHook] com.zaxxer.hikari.HikariDataSource       : HikariPool-1 - Shutdown completed.
